<?xml version="1.0" encoding="UTF-8" ?>
<testsuite tests="7" failures="1" name="ohtu.verkkokauppa.KauppaTest" time="0.31" errors="0" skipped="0">
  <properties>
[...]
</properties>
  <testcase classname="ohtu.verkkokauppa.KauppaTest" name="ostoksenPaaytyttyaPankinMetodiaTilisiirtoKutsutaan" time="0.298"/>
  <testcase classname="ohtu.verkkokauppa.KauppaTest" name="tilisiirtoKutsutaanOikeinKahdellaSamallaTuotteella" time="0"/>
  <testcase classname="ohtu.verkkokauppa.KauppaTest" name="aloitaAsiointiNollaa" time="0.001"/>
  <testcase classname="ohtu.verkkokauppa.KauppaTest" name="tilisiirtoKutsutaanOikein" time="0"/>
  <testcase classname="ohtu.verkkokauppa.KauppaTest" name="tilisiirtoToinenTuoteLoppu" time="0.001"/>
  <testcase classname="ohtu.verkkokauppa.KauppaTest" name="tilisiirtoKutsutaanOikeinKahdellaEriTuotteella" time="0.001"/>
  <testcase classname="ohtu.verkkokauppa.KauppaTest" name="poistoToimii" time="0.009">
    <failure message="
Argument(s) are different! Wanted:
pankki.tilisiirto(
    &quot;pekka&quot;,
    47,
    &quot;12345&quot;,
    &quot;33333-44455&quot;,
    5
);
-&gt; at ohtu.verkkokauppa.KauppaTest.poistoToimii(KauppaTest.java:224)
Actual invocation has different arguments:
pankki.tilisiirto(
    &quot;pekka&quot;,
    47,
    &quot;12345&quot;,
    &quot;33333-44455&quot;,
    9
);
-&gt; at ohtu.verkkokauppa.Kauppa.tilimaksu(Kauppa.java:45)
" type="Argument(s) are different! Wanted">Argument(s) are different! Wanted:
pankki.tilisiirto(
    &quot;pekka&quot;,
    47,
    &quot;12345&quot;,
    &quot;33333-44455&quot;,
    5
);
-&gt; at ohtu.verkkokauppa.KauppaTest.poistoToimii(KauppaTest.java:224)
Actual invocation has different arguments:
pankki.tilisiirto(
    &quot;pekka&quot;,
    47,
    &quot;12345&quot;,
    &quot;33333-44455&quot;,
    9
);
-&gt; at ohtu.verkkokauppa.Kauppa.tilimaksu(Kauppa.java:45)

	at sun.reflect.NativeConstructorAccessorImpl.newInstance0(Native Method)
	at sun.reflect.NativeConstructorAccessorImpl.newInstance(NativeConstructorAccessorImpl.java:62)
	at sun.reflect.DelegatingConstructorAccessorImpl.newInstance(DelegatingConstructorAccessorImpl.java:45)
	at java.lang.reflect.Constructor.newInstance(Constructor.java:422)
	at ohtu.verkkokauppa.KauppaTest.poistoToimii(KauppaTest.java:224)
	at sun.reflect.NativeMethodAccessorImpl.invoke0(Native Method)
	at sun.reflect.NativeMethodAccessorImpl.invoke(NativeMethodAccessorImpl.java:62)
	at sun.reflect.DelegatingMethodAccessorImpl.invoke(DelegatingMethodAccessorImpl.java:43)
	at java.lang.reflect.Method.invoke(Method.java:497)
	at org.junit.runners.model.FrameworkMethod$1.runReflectiveCall(FrameworkMethod.java:45)
	at org.junit.internal.runners.model.ReflectiveCallable.run(ReflectiveCallable.java:15)
	at org.junit.runners.model.FrameworkMethod.invokeExplosively(FrameworkMethod.java:42)
	at org.junit.internal.runners.statements.InvokeMethod.evaluate(InvokeMethod.java:20)
	at org.junit.runners.ParentRunner.runLeaf(ParentRunner.java:263)
	at org.junit.runners.BlockJUnit4ClassRunner.runChild(BlockJUnit4ClassRunner.java:68)
	at org.junit.runners.BlockJUnit4ClassRunner.runChild(BlockJUnit4ClassRunner.java:47)
	at org.junit.runners.ParentRunner$3.run(ParentRunner.java:231)
	at org.junit.runners.ParentRunner$1.schedule(ParentRunner.java:60)
	at org.junit.runners.ParentRunner.runChildren(ParentRunner.java:229)
	at org.junit.runners.ParentRunner.access$000(ParentRunner.java:50)
	at org.junit.runners.ParentRunner$2.evaluate(ParentRunner.java:222)
	at org.junit.internal.runners.statements.RunBefores.evaluate(RunBefores.java:28)
	at org.junit.internal.runners.statements.RunAfters.evaluate(RunAfters.java:30)
	at org.junit.runners.ParentRunner.run(ParentRunner.java:300)
	at org.apache.maven.surefire.junit4.JUnit4Provider.execute(JUnit4Provider.java:252)
	at org.apache.maven.surefire.junit4.JUnit4Provider.executeTestSet(JUnit4Provider.java:141)
	at org.apache.maven.surefire.junit4.JUnit4Provider.invoke(JUnit4Provider.java:112)
	at sun.reflect.NativeMethodAccessorImpl.invoke0(Native Method)
	at sun.reflect.NativeMethodAccessorImpl.invoke(NativeMethodAccessorImpl.java:62)
	at sun.reflect.DelegatingMethodAccessorImpl.invoke(DelegatingMethodAccessorImpl.java:43)
	at java.lang.reflect.Method.invoke(Method.java:497)
	at org.apache.maven.surefire.util.ReflectionUtils.invokeMethodWithArray(ReflectionUtils.java:189)
	at org.apache.maven.surefire.booter.ProviderFactory$ProviderProxy.invoke(ProviderFactory.java:165)
	at org.apache.maven.surefire.booter.ProviderFactory.invokeProvider(ProviderFactory.java:85)
	at org.apache.maven.surefire.booter.ForkedBooter.runSuitesInProcess(ForkedBooter.java:115)
	at org.apache.maven.surefire.booter.ForkedBooter.main(ForkedBooter.java:75)
</failure>
  </testcase>
</testsuite>